<?xml version="1.0" encoding="UTF-8"?>
<testsuite xmlns:xsi="http://www.w3.org/2001/XMLSchema-instance" xsi:noNamespaceSchemaLocation="https://maven.apache.org/surefire/maven-surefire-plugin/xsd/surefire-test-report.xsd" name="com.ocp.chapter4.PascalTriangleFactoryTest" time="0.03" tests="6" errors="0" skipped="0" failures="0">
  <properties>
[...]
</properties>
  <testcase name="whenCreatingATriangleWithLength5_thenATriangleWithFiveRows" classname="com.ocp.chapter4.PascalTriangleFactoryTest" time="0.018"/>
  <testcase name="whenCreatingATriangleWithLength10_thenATriangleWithTenRows" classname="com.ocp.chapter4.PascalTriangleFactoryTest" time="0"/>
  <testcase name="whenCreatingATriangleWithLength2_thenATriangleWithTwoRows" classname="com.ocp.chapter4.PascalTriangleFactoryTest" time="0.001"/>
  <testcase name="whenCreatingATriangleWith0Length_thenTriangleIsEmpty" classname="com.ocp.chapter4.PascalTriangleFactoryTest" time="0.001"/>
  <testcase name="whenCreatingATriangleWithLength1_thenATriangleWithOneRow" classname="com.ocp.chapter4.PascalTriangleFactoryTest" time="0.001"/>
  <testcase name="whenCreatingATriangleWithNegativeLength_thenExceptionIsThrown" classname="com.ocp.chapter4.PascalTriangleFactoryTest" time="0.003"/>
</testsuite>